[debug] [2020-10-26T19:29:57.930Z] ----------------------------------------------------------------------
[debug] [2020-10-26T19:29:57.934Z] Command:       C:\Program Files\nodejs\node.exe C:\Users\Ch Wasiq\AppData\Roaming\npm\node_modules\firebase-tools\lib\bin\firebase.js init
[debug] [2020-10-26T19:29:57.934Z] CLI Version:   8.7.0
[debug] [2020-10-26T19:29:57.934Z] Platform:      win32
[debug] [2020-10-26T19:29:57.934Z] Node Version:  v12.18.3
[debug] [2020-10-26T19:29:57.935Z] Time:          Mon Oct 26 2020 12:29:57 GMT-0700 (Pacific Daylight Time)
[debug] [2020-10-26T19:29:57.935Z] ----------------------------------------------------------------------
[debug] [2020-10-26T19:29:57.936Z] 
[debug] [2020-10-26T19:29:57.947Z] > command requires scopes: ["email","openid","https://www.googleapis.com/auth/cloudplatformprojects.readonly","https://www.googleapis.com/auth/firebase","https://www.googleapis.com/auth/cloud-platform"]
[debug] [2020-10-26T19:29:57.947Z] > authorizing via signed-in user
[info] 
     ######## #### ########  ######## ########     ###     ######  ########
     ##        ##  ##     ## ##       ##     ##  ##   ##  ##       ##
     ######    ##  ########  ######   ########  #########  ######  ######
     ##        ##  ##    ##  ##       ##     ## ##     ##       ## ##
     ##       #### ##     ## ######## ########  ##     ##  ######  ########

You're about to initialize a Firebase project in this directory:

  E:\ReactJS\WasiqPortfolio\wasiqportfolio

Before we get started, keep in mind:

  * You are initializing in an existing Firebase project directory

[info] 
=== Project Setup
[info] 
[info] First, let's associate this project directory with a Firebase project.
[info] You can create multiple project aliases by running firebase use --add, 
[info] but for now we'll just set up a default project.
[info] 
[info] i  .firebaserc already has a default project, using wasiq-abdullah-portfolio. 
[debug] [2020-10-26T19:30:45.610Z] >>> HTTP REQUEST GET https://firebase.googleapis.com/v1beta1/projects/wasiq-abdullah-portfolio  
 
[debug] [2020-10-26T19:31:04.811Z] Server Error. socket hang up
